Mali-T86x MP4 r2p0 0x0860
>>> [INFO] ELEM_TYPE_STR: float, sizeof(ELEM_TYPE): 4
>>> [INFO] CL_ELEM_TYPE_STR: float, sizeof(CL_ELEM_TYPE): 4
>>> [INFO] cl_program_build_options: -D CL_ELEM_TYPE=float
len: 4194304, data_size: 16777216, a_h: 0x7f77626010 a_h+1: 0x7f77626011 
============== CPU RESULT ==============
>>> [INFO] 100 times CPU starting...
>>> [INFO] CPU 2048 x 2048 0.007755 s 1081.721293 MFLOPS

>>> [INFO] bandwidth: 4.03 GB/s
>>> [TEST] correct rate: 1.0000
>>> [TEST] ~ Bingo ~ matrix a == matrix b

============== GPU RESULT ==============
>>> [INFO]program_file: ./kernel.cl
>>> [INFO] kernel_func: global_bandwidth_vec1
>>> [INFO] global_work_size[3]: { 4194304, 1, 1 }
>>> [INFO] 100 times ./kernel.cl.global_bandwidth_vec1 starting...
>>> [INFO] skip first time.
>>> [INFO] CL_GPU 2048 x 2048 0.006466 s 1397.169887 MFLOPS ./kernel.cl

>>> [INFO] bandwidth: 4.83 GB/s
>>> [TEST] correct rate: 1.0000
>>> [TEST] ~ Bingo ~ matrix a == matrix b

