Mali-T86x MP4 r2p0 0x0860
>>> [INFO] ELEM_TYPE_STR: float, sizeof(ELEM_TYPE): 4
>>> [INFO] CL_ELEM_TYPE_STR: float4, sizeof(CL_ELEM_TYPE): 16
>>> [WARN] ELEM_TYPE(float) differs from CL_ELEM_TYPE(float4), data_size, too!
>>> [INFO] cl_program_build_options: -D CL_ELEM_TYPE=float4
len: 4194304, data_size: 16777216, a_h: 0x7f840ae010 a_h+1: 0x7f840ae011 
============== CPU RESULT ==============
>>> [INFO] 100 times CPU starting...
>>> [INFO] CPU 2048 x 2048 0.007768 s 1079.954065 MFLOPS

>>> [INFO] bandwidth: 4.02 GB/s
>>> [TEST] correct rate: 1.0000
>>> [TEST] ~ Bingo ~ matrix a == matrix b

============== GPU RESULT ==============
>>> [INFO]program_file: ./kernel.cl
>>> [INFO] kernel_func: global_bandwidth_vec4
>>> [INFO] global_work_size[3]: { 1048576, 1, 1 }
>>> [WARN] global work size (1048576) is smaller than task size (4194304).

>>> [INFO] 100 times ./kernel.cl.global_bandwidth_vec4 starting...
>>> [INFO] skip first time.
>>> [INFO] CL_GPU 2048 x 2048 0.005801 s 1585.148904 MFLOPS ./kernel.cl

>>> [INFO] bandwidth: 5.39 GB/s
>>> [TEST] correct rate: 1.0000
>>> [TEST] ~ Bingo ~ matrix a == matrix b

