Mali-T86x MP4 r2p0 0x0860
>>> [INFO] ELEM_TYPE_STR: float, sizeof(ELEM_TYPE): 4
>>> [INFO] CL_ELEM_TYPE_STR: float8, sizeof(CL_ELEM_TYPE): 32
>>> [WARN] ELEM_TYPE(float) differs from CL_ELEM_TYPE(float8), data_size, too!
>>> [INFO] cl_program_build_options: -D CL_ELEM_TYPE=float8
len: 4194304, data_size: 16777216, a_h: 0x7fa1e94010 a_h+1: 0x7fa1e94011 
============== CPU RESULT ==============
>>> [INFO] 100 times CPU starting...
>>> [INFO] CPU 2048 x 2048 0.007781 s 1078.142716 MFLOPS

>>> [INFO] bandwidth: 4.02 GB/s
>>> [TEST] correct rate: 1.0000
>>> [TEST] ~ Bingo ~ matrix a == matrix b

============== GPU RESULT ==============
>>> [INFO]program_file: ./kernel.cl
>>> [INFO] kernel_func: global_bandwidth_vec8
>>> [INFO] global_work_size[3]: { 524288, 1, 1 }
>>> [WARN] global work size (524288) is smaller than task size (4194304).

>>> [INFO] 100 times ./kernel.cl.global_bandwidth_vec8 starting...
>>> [INFO] skip first time.
>>> [INFO] CL_GPU 2048 x 2048 0.006613 s 1355.187076 MFLOPS ./kernel.cl

>>> [INFO] bandwidth: 4.73 GB/s
>>> [TEST] correct rate: 1.0000
>>> [TEST] ~ Bingo ~ matrix a == matrix b

