Mali-T86x MP4 r2p0 0x0860
>>> [INFO] ELEM_TYPE_STR: int, sizeof(ELEM_TYPE): 4
>>> [INFO] CL_ELEM_TYPE_STR: int, sizeof(CL_ELEM_TYPE): 4
>>> [INFO] cl_program_build_options: -D CL_ELEM_TYPE=int
len: 4194304, data_size: 16777216, a_h: 0x7f8cae5010 a_h+1: 0x7f8cae5011 
============== CPU RESULT ==============
>>> [INFO] 100 times CPU starting...
>>> [INFO] CPU 2048 x 2048 0.006594 s 1272.188588 MFLOPS

>>> [INFO] bandwidth: 4.74 GB/s
>>> [TEST] correct rate: 1.0000
>>> [TEST] ~ Bingo ~ matrix a == matrix b

============== GPU RESULT ==============
>>> [INFO]program_file: ./kernel.cl
>>> [INFO] kernel_func: global_bandwidth_vec1
>>> [INFO] global_work_size[3]: { 4194304, 1, 1 }
>>> [INFO] 100 times ./kernel.cl.global_bandwidth_vec1 starting...
>>> [INFO] skip first time.
>>> [INFO] CL_GPU 2048 x 2048 0.005947 s 1454.083550 MFLOPS ./kernel.cl

>>> [INFO] bandwidth: 5.26 GB/s
>>> [TEST] correct rate: 1.0000
>>> [TEST] ~ Bingo ~ matrix a == matrix b

