Mali-T86x MP4 r2p0 0x0860
>>> [INFO] ELEM_TYPE_STR: int, sizeof(ELEM_TYPE): 4
>>> [INFO] CL_ELEM_TYPE_STR: int16, sizeof(CL_ELEM_TYPE): 4
>>> [INFO] cl_program_build_options: -D CL_ELEM_TYPE=int16
len: 4194304, data_size: 16777216, a_h: 0x7fa6036010 a_h+1: 0x7fa6036011 
============== CPU RESULT ==============
>>> [INFO] 100 times CPU starting...
>>> [INFO] CPU 2048 x 2048 0.006552 s 1280.336026 MFLOPS

>>> [INFO] bandwidth: 4.77 GB/s
>>> [TEST] correct rate: 1.0000
>>> [TEST] ~ Bingo ~ matrix a == matrix b

============== GPU RESULT ==============
>>> [INFO]program_file: ./kernel.cl
>>> [INFO] kernel_func: global_bandwidth_vec16
>>> [INFO] global_work_size[3]: { 262144, 1, 1 }
>>> [WARN] global work size (262144) is smaller than task size (4194304).

>>> [INFO] 100 times ./kernel.cl.global_bandwidth_vec16 starting...
>>> [INFO] skip first time.
>>> [INFO] CL_GPU 2048 x 2048 0.005919 s 1418.912043 MFLOPS ./kernel.cl

>>> [INFO] bandwidth: 5.28 GB/s
>>> [TEST] correct rate: 1.0000
>>> [TEST] ~ Bingo ~ matrix a == matrix b

