Mali-T86x MP4 r2p0 0x0860
>>> [INFO] ELEM_TYPE_STR: int, sizeof(ELEM_TYPE): 4
>>> [INFO] CL_ELEM_TYPE_STR: int4, sizeof(CL_ELEM_TYPE): 4
>>> [INFO] cl_program_build_options: -D CL_ELEM_TYPE=int4
len: 4194304, data_size: 16777216, a_h: 0x7f7d597010 a_h+1: 0x7f7d597011 
============== CPU RESULT ==============
>>> [INFO] 100 times CPU starting...
>>> [INFO] CPU 2048 x 2048 0.006547 s 1281.347119 MFLOPS

>>> [INFO] bandwidth: 4.77 GB/s
>>> [TEST] correct rate: 1.0000
>>> [TEST] ~ Bingo ~ matrix a == matrix b

============== GPU RESULT ==============
>>> [INFO]program_file: ./kernel.cl
>>> [INFO] kernel_func: global_bandwidth_vec4
>>> [INFO] global_work_size[3]: { 1048576, 1, 1 }
>>> [WARN] global work size (1048576) is smaller than task size (4194304).

>>> [INFO] 100 times ./kernel.cl.global_bandwidth_vec4 starting...
>>> [INFO] skip first time.
>>> [INFO] CL_GPU 2048 x 2048 0.005101 s 1666.059186 MFLOPS ./kernel.cl

>>> [INFO] bandwidth: 6.13 GB/s
>>> [TEST] correct rate: 1.0000
>>> [TEST] ~ Bingo ~ matrix a == matrix b

