Mali-T86x MP4 r2p0 0x0860
============== INIT ==============
>>> [INFO] ELEM_TYPE_STR: short, sizeof(ELEM_TYPE): 2
>>> [INFO] CL_ELEM_TYPE_STR: short, sizeof(CL_ELEM_TYPE): 2
>>> [INFO] cl_program_build_options: -D CL_ELEM_TYPE=short
>>> [INFO] len: 4194304, data_size: 8388608, a_h: 0x7f82243010 a_h+1: 0x7f82243012 

============== CPU RESULT ==============
>>> [INFO] 100 times CPU starting...
>>> [INFO] CPU 2048 x 2048 0.003585 s 2340.140488 MFLOPS

>>> [INFO] bandwidth: 4.36 GB/s
>>> [TEST] correct rate: 1.0000
>>> [TEST] ~ Bingo ~ matrix a == matrix b

============== GPU RESULT ==============
>>> [INFO]program_file: ./kernel.cl
>>> [INFO] kernel_func: global_bandwidth_vec1
>>> [INFO] global_work_size[3]: { 4194304, 1, 1 }
>>> [INFO] 100 times ./kernel.cl.global_bandwidth_vec1 starting...
>>> [INFO] skip first time.
>>> [INFO] CL_GPU 2048 x 2048 0.002955 s 3052.622999 MFLOPS ./kernel.cl

>>> [INFO] bandwidth: 5.29 GB/s
>>> [TEST] correct rate: 1.0000
>>> [TEST] ~ Bingo ~ matrix a == matrix b



